<?xml version="1.0" encoding="UTF-8"?>
<!-- Generated by org.testng.reporters.JUnitReportReporter -->
<testsuite skipped="0" hostname="DESKTOP-Q1LKHFA" name="com.doantotnghiep.configuration.CukesTestRunnerParallel" tests="1" failures="0" timestamp="2022-06-06T16:10:08 ICT" time="41.814" errors="1">
  <testcase name="runScenario" time="41.814" classname="com.doantotnghiep.configuration.CukesTestRunnerParallel">
    <error type="java.lang.NumberFormatException" message="null">
      <![CDATA[java.lang.NumberFormatException: null
at java.lang.Integer.parseInt(Integer.java:542)
at java.lang.Integer.parseInt(Integer.java:615)
at com.doantotnghiep.stepdefs.TIKINGONSteps.lambda$new$8(TIKINGONSteps.java:72)
at ✽.the number quantity should increase "1" unit(file:src/test/resources/features/TIKINGON.feature:25)
]]>
    </error>
  </testcase> <!-- runScenario -->
  <system-out/>
</testsuite> <!-- com.doantotnghiep.configuration.CukesTestRunnerParallel -->
