-------------------------------------------------------------------------------
Test set: com.doantotnghiep.configuration.CukesTestRunnerParallel
-------------------------------------------------------------------------------
Tests run: 1, Failures: 1, Errors: 0, Skipped: 0, Time elapsed: 44.447 s <<< FAILURE! - in com.doantotnghiep.configuration.CukesTestRunnerParallel
com.doantotnghiep.configuration.CukesTestRunnerParallel.runScenario  Time elapsed: 41.846 s  <<< FAILURE!
java.lang.NumberFormatException: null

