<?xml version="1.0" encoding="UTF-8"?>
<testsuite xmlns:xsi="http://www.w3.org/2001/XMLSchema-instance" xsi:noNamespaceSchemaLocation="https://maven.apache.org/surefire/maven-failsafe-plugin/xsd/failsafe-test-report-3.0.xsd" version="3.0" name="com.doantotnghiep.configuration.CukesTestRunnerParallel" time="44.447" tests="1" errors="0" skipped="0" failures="1">
  <properties>
[...]
</properties>
  <testcase name="runScenario" classname="com.doantotnghiep.configuration.CukesTestRunnerParallel" time="41.846">
    <failure message="null" type="java.lang.NumberFormatException"><![CDATA[java.lang.NumberFormatException: null
]]></failure>
    <system-out><![CDATA[.\src\test\java\com\doantotnghiep\locators\user_collection_page.properties (The system cannot find the file specified)
=====Executing ...Change the quantity of goods in TIKINGON(file:src/test/resources/features/TIKINGON.feature:22)
=====Scenario Failed!!!!!!! Change the quantity of goods in TIKINGON===FEATURE LOCATION: file:src/test/resources/features/TIKINGON.feature:22
]]></system-out>
    <system-err><![CDATA[Jun 06, 2022 4:09:25 PM cucumber.runtime.java.ObjectFactoryLoader loadSingleObjectFactory
INFO: Loading ObjectFactory via service loader: io.cucumber.spring.SpringFactory
Starting ChromeDriver 102.0.5005.61 (0e59bcc00cc4985ce39ad31c150065f159d95ad3-refs/branch-heads/5005@{#819}) on port 11434
Only local connections are allowed.
Please see https://chromedriver.chromium.org/security-considerations for suggestions on keeping ChromeDriver safe.
ChromeDriver was started successfully.
Jun 06, 2022 4:09:28 PM org.openqa.selenium.remote.ProtocolHandshake createSession
INFO: Detected dialect: W3C
]]></system-err>
  </testcase>
</testsuite>