<?xml version="1.0" encoding="UTF-8"?>
<testng-results skipped="0" failed="1" ignored="0" total="1" passed="0">
  <reporter-output>
  </reporter-output>
  <suite name="Surefire suite" duration-ms="43925" started-at="2022-06-06T16:09:24 ICT" finished-at="2022-06-06T16:10:08 ICT">
    <groups>
      <group name="cucumber">
        <method signature="AbstractTestNGCucumberTests.runScenario(io.cucumber.testng.PickleEventWrapper, io.cucumber.testng.CucumberFeatureWrapper)[pri:0, instance:com.doantotnghiep.configuration.CukesTestRunnerParallel@627551fb]" name="runScenario" class="io.cucumber.testng.AbstractTestNGCucumberTests"/>
      </group> <!-- cucumber -->
    </groups>
    <test name="Surefire test" duration-ms="43925" started-at="2022-06-06T16:09:24 ICT" finished-at="2022-06-06T16:10:08 ICT">
      <class name="com.doantotnghiep.configuration.CukesTestRunnerParallel">
        <test-method status="PASS" signature="setUpClass()[pri:0, instance:com.doantotnghiep.configuration.CukesTestRunnerParallel@627551fb]" name="setUpClass" is-config="true" duration-ms="204" started-at="2022-06-06T16:09:24 ICT" finished-at="2022-06-06T16:09:25 ICT">
          <reporter-output>
          </reporter-output>
        </test-method> <!-- setUpClass -->
        <test-method status="PASS" signature="before()[pri:0, instance:com.doantotnghiep.configuration.CukesTestRunnerParallel@627551fb]" name="before" is-config="true" duration-ms="0" started-at="2022-06-06T16:09:25 ICT" finished-at="2022-06-06T16:09:25 ICT">
          <reporter-output>
          </reporter-output>
        </test-method> <!-- before -->
        <test-method status="FAIL" signature="runScenario(io.cucumber.testng.PickleEventWrapper, io.cucumber.testng.CucumberFeatureWrapper)[pri:0, instance:com.doantotnghiep.configuration.CukesTestRunnerParallel@627551fb]" name="runScenario" duration-ms="41814" started-at="2022-06-06T16:09:25 ICT" description="Runs Cucumber Scenarios" data-provider="scenarios" finished-at="2022-06-06T16:10:06 ICT">
          <params>
            <param index="0">
              <value>
                <![CDATA["Change the quantity of goods in TIKINGON"]]>
              </value>
            </param>
            <param index="1">
              <value>
                <![CDATA["TIKI NGON"]]>
              </value>
            </param>
          </params>
          <exception class="java.lang.NumberFormatException">
            <message>
              <![CDATA[null]]>
            </message>
            <full-stacktrace>
              <![CDATA[java.lang.NumberFormatException: null
at java.lang.Integer.parseInt(Integer.java:542)
at java.lang.Integer.parseInt(Integer.java:615)
at com.doantotnghiep.stepdefs.TIKINGONSteps.lambda$new$8(TIKINGONSteps.java:72)
at ✽.the number quantity should increase "1" unit(file:src/test/resources/features/TIKINGON.feature:25)
]]>
            </full-stacktrace>
          </exception> <!-- java.lang.NumberFormatException -->
          <reporter-output>
          </reporter-output>
        </test-method> <!-- runScenario -->
        <test-method status="PASS" signature="tearDownClass()[pri:0, instance:com.doantotnghiep.configuration.CukesTestRunnerParallel@627551fb]" name="tearDownClass" is-config="true" duration-ms="1812" started-at="2022-06-06T16:10:07 ICT" finished-at="2022-06-06T16:10:08 ICT">
          <reporter-output>
          </reporter-output>
        </test-method> <!-- tearDownClass -->
        <test-method status="PASS" signature="after()[pri:0, instance:com.doantotnghiep.configuration.CukesTestRunnerParallel@627551fb]" name="after" is-config="true" duration-ms="0" started-at="2022-06-06T16:10:07 ICT" finished-at="2022-06-06T16:10:07 ICT">
          <reporter-output>
          </reporter-output>
        </test-method> <!-- after -->
      </class> <!-- com.doantotnghiep.configuration.CukesTestRunnerParallel -->
    </test> <!-- Surefire test -->
  </suite> <!-- Surefire suite -->
</testng-results>
