<?xml version="1.0" encoding="UTF-8"?>
<!-- Generated by org.testng.reporters.JUnitXMLReporter -->
<testsuite hostname="DESKTOP-Q1LKHFA" ignored="0" name="Surefire test" tests="1" failures="1" timestamp="2022-06-06T16:10:08 ICT" time="43.925" errors="0">
  <testcase name="runScenario" time="41.814" classname="io.cucumber.testng.AbstractTestNGCucumberTests">
    <failure type="java.lang.NumberFormatException" message="null">
      <![CDATA[java.lang.NumberFormatException: null
at java.lang.Integer.parseInt(Integer.java:542)
at java.lang.Integer.parseInt(Integer.java:615)
at com.doantotnghiep.stepdefs.TIKINGONSteps.lambda$new$8(TIKINGONSteps.java:72)
at ✽.the number quantity should increase "1" unit(file:src/test/resources/features/TIKINGON.feature:25)
]]>
    </failure>
  </testcase> <!-- runScenario -->
</testsuite> <!-- Surefire test -->
